training ...
loading file:  ../dataset/TrainingData.csv
loading file:  ../dataset/ValidationData.csv
loading OK
done in 0.81s
Fitting the scaler...
scaler fitting OK
done in 0.04s
selecting and shuffling data sets ...
data split OK
done in 0.23s
Data normalization
Data normalization OK
done in 0.05s
writing data on files...
dump classes...
files OK
done in 8.94s
MODEL SEARCH
 [multiout_grid_search]  (thread 1) START
 [multiout_grid_search]  (thread 2) START
 [multithread_grid_Search] n combinations:  25
 [multithread_grid_Search] max combinations:  5
 [multithread_grid_Search] ready for the model search
 [multithread_grid_Search] n combinations:  25
 [multithread_grid_Search] max combinations:  5
 [multithread_grid_Search] ready for the model search
 [multithread_grid_Search]  === ITERATION 1 launching 5 threads for 25 combination (max is 5)
 [multithread_grid_Search]  === ITERATION 1 launching 5 threads for 25 combination (max is 5)
 [multithread_grid_Search]  (thread 1) JOB BEGINNING, 5 combinations to test
 [multithread_grid_Search]  (thread 2) JOB BEGINNING, 5 combinations to test
 [multithread_grid_Search]  (thread 1) JOB BEGINNING, 5 combinations to test
 [multithread_grid_Search]  (thread 2) JOB BEGINNING, 5 combinations to test
Fitting 2 folds for each of 5 candidates, totalling 10 fits
 [multithread_grid_Search]  (thread 5) JOB BEGINNING, 5 combinations to test
 [multithread_grid_Search]  (thread 3) JOB BEGINNING, 5 combinations to test
 [multithread_grid_Search]  (thread 3) JOB BEGINNING, 5 combinations to test
 [multithread_grid_Search]  (thread 5) JOB BEGINNING, 5 combinations to test
Fitting 2 folds for each of 5 candidates, totalling 10 fits
Fitting 2 folds for each of 5 candidates, totalling 10 fits
 [multithread_grid_Search]  (thread 4) JOB BEGINNING, 5 combinations to test
Fitting 2 folds for each of 5 candidates, totalling 10 fits
 [multithread_grid_Search]  (thread 4) JOB BEGINNING, 5 combinations to test
Fitting 2 folds for each of 5 candidates, totalling 10 fits
Fitting 2 folds for each of 5 candidates, totalling 10 fits
Fitting 2 folds for each of 5 candidates, totalling 10 fits
Fitting 2 folds for each of 5 candidates, totalling 10 fits
Fitting 2 folds for each of 5 candidates, totalling 10 fits
Fitting 2 folds for each of 5 candidates, totalling 10 fits
[CV] END .......C=17.78279410038923, epsilon=0, gamma=0.0001; total time=   8.5s
[CV] END ..................C=0.0001, epsilon=0, gamma=0.0001; total time=   8.9s
[CV] END .....C=0.31622776601683794, epsilon=0, gamma=0.0001; total time=   9.3s
[CV] END ..................C=0.0001, epsilon=0, gamma=0.0001; total time=   9.6s
[CV] END .......C=17.78279410038923, epsilon=0, gamma=0.0001; total time=  10.0s
[CV] END ....C=0.005623413251903491, epsilon=0, gamma=0.0001; total time=  10.0s
[CV] END ....C=0.005623413251903491, epsilon=0, gamma=0.0001; total time=  10.2s
[CV] END ..................C=1000.0, epsilon=0, gamma=0.0001; total time=  10.8s
[CV] END .....C=0.31622776601683794, epsilon=0, gamma=0.0001; total time=  11.1s
[CV] END ..................C=1000.0, epsilon=0, gamma=0.0001; total time=  11.2s
[CV] END .....C=0.31622776601683794, epsilon=0, gamma=0.0001; total time=   9.0s
[CV] END .......C=17.78279410038923, epsilon=0, gamma=0.0001; total time=  10.0s
[CV] END ..................C=0.0001, epsilon=0, gamma=0.0001; total time=   9.1s
[CV] END .......C=17.78279410038923, epsilon=0, gamma=0.0001; total time=   8.9s
[CV] END ..................C=0.0001, epsilon=0, gamma=0.0001; total time=  10.2s
[CV] END ....C=0.005623413251903491, epsilon=0, gamma=0.0001; total time=   8.9s
[CV] END .....C=0.31622776601683794, epsilon=0, gamma=0.0001; total time=   8.1s
[CV] END ....C=0.005623413251903491, epsilon=0, gamma=0.0001; total time=  10.4s
[CV] END ..................C=1000.0, epsilon=0, gamma=0.0001; total time=   9.3s
[CV] END ..................C=1000.0, epsilon=0, gamma=0.0001; total time=  11.8s
[CV] END ....C=0.0001, epsilon=0, gamma=0.005623413251903491; total time=   8.4s
[CV] END C=0.005623413251903491, epsilon=0, gamma=0.005623413251903491; total time=   9.2s
[CV] END C=0.31622776601683794, epsilon=0, gamma=0.005623413251903491; total time=   9.2s
[CV] END ....C=0.0001, epsilon=0, gamma=0.005623413251903491; total time=   9.4s
[CV] END C=17.78279410038923, epsilon=0, gamma=0.005623413251903491; total time=   9.6s
[CV] END C=0.31622776601683794, epsilon=0, gamma=0.005623413251903491; total time=  10.4s
[CV] END C=17.78279410038923, epsilon=0, gamma=0.005623413251903491; total time=  10.4s
[CV] END ....C=1000.0, epsilon=0, gamma=0.005623413251903491; total time=   8.5s
[CV] END C=0.005623413251903491, epsilon=0, gamma=0.005623413251903491; total time=   9.4s
[CV] END ....C=1000.0, epsilon=0, gamma=0.005623413251903491; total time=  11.1s
[CV] END ....C=0.0001, epsilon=0, gamma=0.005623413251903491; total time=   9.6s
[CV] END ....C=0.0001, epsilon=0, gamma=0.005623413251903491; total time=   9.1s
[CV] END C=17.78279410038923, epsilon=0, gamma=0.005623413251903491; total time=   9.1s
[CV] END C=0.31622776601683794, epsilon=0, gamma=0.005623413251903491; total time=   9.5s
[CV] END ....C=1000.0, epsilon=0, gamma=0.005623413251903491; total time=   9.1s
[CV] END C=0.005623413251903491, epsilon=0, gamma=0.005623413251903491; total time=   8.3s
[CV] END C=17.78279410038923, epsilon=0, gamma=0.005623413251903491; total time=   9.5s
[CV] END C=0.31622776601683794, epsilon=0, gamma=0.005623413251903491; total time=   9.8s
[CV] END C=0.005623413251903491, epsilon=0, gamma=0.005623413251903491; total time=  10.8s
[CV] END ....C=1000.0, epsilon=0, gamma=0.005623413251903491; total time=  10.7s
[CV] END .....C=0.0001, epsilon=0, gamma=0.31622776601683794; total time=   8.9s
[CV] END .....C=1000.0, epsilon=0, gamma=0.31622776601683794; total time=   8.3s
[CV] END C=0.005623413251903491, epsilon=0, gamma=0.31622776601683794; total time=   8.0s
[CV] END C=0.31622776601683794, epsilon=0, gamma=0.31622776601683794; total time=   9.6s
[CV] END .....C=0.0001, epsilon=0, gamma=0.31622776601683794; total time=  10.2s
[CV] END C=17.78279410038923, epsilon=0, gamma=0.31622776601683794; total time=  10.2s
[CV] END C=17.78279410038923, epsilon=0, gamma=0.31622776601683794; total time=  10.3s
[CV] END C=0.005623413251903491, epsilon=0, gamma=0.31622776601683794; total time=  10.5s
[CV] END C=0.31622776601683794, epsilon=0, gamma=0.31622776601683794; total time=  10.2s
[CV] END .....C=0.0001, epsilon=0, gamma=0.31622776601683794; total time=   7.8s
[CV] END .....C=1000.0, epsilon=0, gamma=0.31622776601683794; total time=   9.5s
[CV] END .....C=1000.0, epsilon=0, gamma=0.31622776601683794; total time=   7.7s
[CV] END C=17.78279410038923, epsilon=0, gamma=0.31622776601683794; total time=   7.5s
[CV] END C=0.31622776601683794, epsilon=0, gamma=0.31622776601683794; total time=   8.0s
[CV] END C=0.31622776601683794, epsilon=0, gamma=0.31622776601683794; total time=   9.8s
[CV] END C=0.005623413251903491, epsilon=0, gamma=0.31622776601683794; total time=  10.3s
[CV] END .....C=0.0001, epsilon=0, gamma=0.31622776601683794; total time=  11.1s
[CV] END C=0.005623413251903491, epsilon=0, gamma=0.31622776601683794; total time=  10.6s
[CV] END C=17.78279410038923, epsilon=0, gamma=0.31622776601683794; total time=  12.2s
[CV] END .....C=1000.0, epsilon=0, gamma=0.31622776601683794; total time=   8.1s
[CV] END .......C=0.0001, epsilon=0, gamma=17.78279410038923; total time=   9.2s
[CV] END .......C=1000.0, epsilon=0, gamma=17.78279410038923; total time=   9.6s
[CV] END C=17.78279410038923, epsilon=0, gamma=17.78279410038923; total time=   7.6s
[CV] END C=0.005623413251903491, epsilon=0, gamma=17.78279410038923; total time=   8.7s
[CV] END C=0.31622776601683794, epsilon=0, gamma=17.78279410038923; total time=   9.2s
[CV] END C=0.31622776601683794, epsilon=0, gamma=17.78279410038923; total time=  10.5s
[CV] END C=17.78279410038923, epsilon=0, gamma=17.78279410038923; total time=   7.3s
[CV] END C=0.005623413251903491, epsilon=0, gamma=17.78279410038923; total time=   8.3s
[CV] END .......C=0.0001, epsilon=0, gamma=17.78279410038923; total time=   9.8s
[CV] END C=17.78279410038923, epsilon=0, gamma=17.78279410038923; total time=   8.0s
[CV] END .......C=0.0001, epsilon=0, gamma=17.78279410038923; total time=   9.2s
[CV] END .......C=1000.0, epsilon=0, gamma=17.78279410038923; total time=   9.2s
[CV] END .......C=1000.0, epsilon=0, gamma=17.78279410038923; total time=  11.4s
[CV] END C=0.31622776601683794, epsilon=0, gamma=17.78279410038923; total time=   7.5s
[CV] END C=0.31622776601683794, epsilon=0, gamma=17.78279410038923; total time=   8.3s
[CV] END C=0.005623413251903491, epsilon=0, gamma=17.78279410038923; total time=   9.8s
[CV] END C=0.005623413251903491, epsilon=0, gamma=17.78279410038923; total time=  10.3s
[CV] END .......C=0.0001, epsilon=0, gamma=17.78279410038923; total time=  10.1s
[CV] END .......C=17.78279410038923, epsilon=0, gamma=1000.0; total time=   7.2s
[CV] END C=17.78279410038923, epsilon=0, gamma=17.78279410038923; total time=  11.9s
[CV] END ..................C=1000.0, epsilon=0, gamma=1000.0; total time=   7.1s
[CV] END ..................C=0.0001, epsilon=0, gamma=1000.0; total time=   9.9s
[CV] END .......C=1000.0, epsilon=0, gamma=17.78279410038923; total time=   8.6s
[CV] END .....C=0.31622776601683794, epsilon=0, gamma=1000.0; total time=   8.0s
[CV] END .....C=0.31622776601683794, epsilon=0, gamma=1000.0; total time=  10.1s
[CV] END ....C=0.005623413251903491, epsilon=0, gamma=1000.0; total time=   9.8s
[CV] END ....C=0.005623413251903491, epsilon=0, gamma=1000.0; total time=   8.1s
[CV] END .......C=17.78279410038923, epsilon=0, gamma=1000.0; total time=   7.3s
[CV] END ..................C=0.0001, epsilon=0, gamma=1000.0; total time=   9.6s
[CV] END ..................C=1000.0, epsilon=0, gamma=1000.0; total time=   7.6s
[CV] END ..................C=1000.0, epsilon=0, gamma=1000.0; total time=  10.5s
[CV] END .......C=17.78279410038923, epsilon=0, gamma=1000.0; total time=  11.7s
[CV] END .....C=0.31622776601683794, epsilon=0, gamma=1000.0; total time=   9.5s
[CV] END ..................C=0.0001, epsilon=0, gamma=1000.0; total time=  11.3s
[CV] END .....C=0.31622776601683794, epsilon=0, gamma=1000.0; total time=   8.3s
[CV] END ....C=0.005623413251903491, epsilon=0, gamma=1000.0; total time=   8.0s
[CV] END ....C=0.005623413251903491, epsilon=0, gamma=1000.0; total time=  10.2s
[CV] END ..................C=1000.0, epsilon=0, gamma=1000.0; total time=   7.9s
 [multithread_grid_Search]  (thread 4) END OF THE JOB in 97.91164755821228s
[CV] END ..................C=0.0001, epsilon=0, gamma=1000.0; total time=   9.9s
[CV] END .......C=17.78279410038923, epsilon=0, gamma=1000.0; total time=   9.2s
 [multithread_grid_Search]  (thread 3) END OF THE JOB in 103.89798092842102s
 [multithread_grid_Search]  (thread 2) END OF THE JOB in 104.32680320739746s
 [multithread_grid_Search]  (thread 1) END OF THE JOB in 104.35386109352112s
 [multithread_grid_Search]  (thread 3) END OF THE JOB in 104.43958449363708s
 [multithread_grid_Search]  (thread 2) END OF THE JOB in 105.19837284088135s
 [multithread_grid_Search]  (thread 1) END OF THE JOB in 105.76247715950012s
 [multithread_grid_Search]  (thread 5) END OF THE JOB in 106.51470828056335s
 [multithread_grid_Search]  (thread 4) END OF THE JOB in 106.55408906936646s
 [multithread_grid_Search] n combinations:  5
 [multithread_grid_Search] max combinations:  5
 [multithread_grid_Search] ready for the model search
 [multithread_grid_Search]  === ITERATION 2 launching 1 threads for 5 combination (max is 5)
 [multithread_grid_Search]  (thread 1) JOB BEGINNING, 5 combinations to test
Fitting 2 folds for each of 5 candidates, totalling 10 fits
 [multithread_grid_Search]  (thread 5) END OF THE JOB in 107.48421478271484s
 [multithread_grid_Search] n combinations:  5
 [multithread_grid_Search] max combinations:  5
 [multithread_grid_Search] ready for the model search
 [multithread_grid_Search]  === ITERATION 2 launching 1 threads for 5 combination (max is 5)
 [multithread_grid_Search]  (thread 1) JOB BEGINNING, 5 combinations to test
Fitting 2 folds for each of 5 candidates, totalling 10 fits
[CV] END ..C=0.0001, epsilon=0.0, gamma=0.005623413251903491; total time=   1.7s
[CV] END ..C=0.0001, epsilon=0.0, gamma=0.005623413251903491; total time=   1.9s
[CV] END ..C=0.0001, epsilon=0.0, gamma=0.005623413251903491; total time=   1.9s
[CV] END ..C=0.0001, epsilon=0.0, gamma=0.005623413251903491; total time=   1.9s
[CV] END C=0.005623413251903491, epsilon=0.0, gamma=0.005623413251903491; total time=   1.9s
[CV] END C=0.005623413251903491, epsilon=0.0, gamma=0.005623413251903491; total time=   1.9s
[CV] END C=0.005623413251903491, epsilon=0.0, gamma=0.005623413251903491; total time=   1.9s
[CV] END C=0.005623413251903491, epsilon=0.0, gamma=0.005623413251903491; total time=   1.9s
[CV] END C=0.31622776601683794, epsilon=0.0, gamma=0.005623413251903491; total time=   1.9s
[CV] END C=0.31622776601683794, epsilon=0.0, gamma=0.005623413251903491; total time=   1.9s
[CV] END C=0.31622776601683794, epsilon=0.0, gamma=0.005623413251903491; total time=   1.9s
[CV] END C=0.31622776601683794, epsilon=0.0, gamma=0.005623413251903491; total time=   1.9s
[CV] END C=17.78279410038923, epsilon=0.0, gamma=0.005623413251903491; total time=   1.9s
[CV] END C=17.78279410038923, epsilon=0.0, gamma=0.005623413251903491; total time=   2.0s
[CV] END C=17.78279410038923, epsilon=0.0, gamma=0.005623413251903491; total time=   1.9s
[CV] END C=17.78279410038923, epsilon=0.0, gamma=0.005623413251903491; total time=   1.9s
[CV] END ..C=1000.0, epsilon=0.0, gamma=0.005623413251903491; total time=   2.4s
[CV] END ..C=1000.0, epsilon=0.0, gamma=0.005623413251903491; total time=   2.3s
[CV] END ..C=1000.0, epsilon=0.0, gamma=0.005623413251903491; total time=   2.4s
[CV] END ..C=1000.0, epsilon=0.0, gamma=0.005623413251903491; total time=   2.2s
 [multithread_grid_Search]  (thread 1) END OF THE JOB in 25.490859508514404s
 [multithread_grid_Search] n combinations:  1
 [multithread_grid_Search] max combinations:  5
 [multithread_grid_Search] ready for the model search
 [multiout_grid_search]  (thread 1) SAVING MODEL
 [multiout_grid_search]  (thread 1) STOP
 [multithread_grid_Search]  (thread 1) END OF THE JOB in 26.56512951850891s
 [multithread_grid_Search] n combinations:  1
 [multithread_grid_Search] max combinations:  5
 [multithread_grid_Search] ready for the model search
 [multiout_grid_search]  (thread 2) SAVING MODEL
 [multiout_grid_search]  (thread 2) STOP
model search OK
params:  [{'C': 1000.0, 'gamma': 0.005623413251903491, 'epsilon': 0.0}, {'C': 1000.0, 'gamma': 0.005623413251903491, 'epsilon': 0.0}]
done in 133.13s
final training ...
 [multithread_SVR_learning]  starting 2 threads ...
 [multithread_SVR_learning]  (thread 1) starting the SVR trainig phase ...
 [multithread_SVR_learning]  (thread 2) starting the SVR trainig phase ...
 [multithread_SVR_learning] waiting for threads ...
 [multithread_SVR_learning]  (thread 1) training completed in 119.50626182556152s
 [multithread_SVR_learning]  (thread 2) training completed in 137.89801621437073s
 [multithread_SVR_learning] end of the training process in 137.89842796325684s
done in 137.9s
final training OK
saving learners...
--- longitude :  ../results/LM_long_data.sav
done in 0.06s
--- latitude :  ../results/LM_lat_data.sav
done in 0.06s
learners saved OK
training ... OK in 281.2s
generating plots ...
=== LOADING PHASE ===
[visuals]  loading data from files...
[visuals]  loading data from files... OK  in 2.1s
--- DATA ---
 Historical input values from training set   13956
 Historical output values from training set  13956
 Data taken for training =70.0%
 Historical input values from test set   278
 Historical output values from test set  278
 Data taken for validation =30.0%
--- DATA ---
[visuals]  loading learners ...
[visuals]  loading learners ... OK  in 0.0s
[visuals]  generating predictions ...
[visuals]  generating predictions ... OK  in 2.8s
[visuals]  reverting normalization ...
[visuals]  reverting normalization ... OK  in 0.0s
=== GRAPHS GENERATIONS PHASE ===
using scale:  15
[visuals]  simple data maps ...
Traceback (most recent call last):
  File "./main.py", line 25, in <module>
    make_visuals( )
  File "/home/federico/Desktop/UJI_indoor_loc/uji_proj/ujiProject/make_visuals.py", line 100, in make_visuals
    vs.plot_simple_map( ds_tr.Y[:, 0], ds_tr.Y[:, 1], 
  File "/home/federico/Desktop/UJI_indoor_loc/uji_proj/ujiProject/DataAnalysis.py", line 82, in plot_simple_map
    plt.savefig( outpath )
  File "/usr/lib/python3/dist-packages/matplotlib/pyplot.py", line 722, in savefig
    res = fig.savefig(*args, **kwargs)
  File "/usr/lib/python3/dist-packages/matplotlib/figure.py", line 2180, in savefig
    self.canvas.print_figure(fname, **kwargs)
  File "/usr/lib/python3/dist-packages/matplotlib/backend_bases.py", line 2082, in print_figure
    result = print_method(
  File "/usr/lib/python3/dist-packages/matplotlib/backends/backend_agg.py", line 529, in print_png
    with cbook._setattr_cm(renderer, dpi=self.figure.dpi), \
  File "/usr/lib/python3.8/contextlib.py", line 113, in __enter__
    return next(self.gen)
  File "/usr/lib/python3/dist-packages/matplotlib/cbook/__init__.py", line 447, in open_file_cm
    fh, opened = to_filehandle(path_or_file, mode, True, encoding)
  File "/usr/lib/python3/dist-packages/matplotlib/cbook/__init__.py", line 432, in to_filehandle
    fh = open(fname, flag, encoding=encoding)
FileNotFoundError: [Errno 2] No such file or directory: '../visuals/tr_map.png'

